Build started 11/23/2014 2:45:35 PM.
     1>Project "D:\msvc2013\src\SuiteSparse\Project\AMD_demo\AMD_demo.vcxproj" on node 5 (Build target(s)).
     1>ClCompile:
         C:\Program Files (x86)\Microsoft Visual Studio 12.0\VC\bin\CL.exe /c /ZI /nologo /W3 /WX- /Od /Oy- /D WIN32 /D _DEBUG /D _CONSOLE /D _UNICODE /D UNICODE /Gm /EHsc /RTC1 /MDd /GS /fp:precise /Zc:wchar_t /Zc:forScope /Fo"Debug\\" /Fd"Debug\vc120.pdb" /Gd /TC /analyze- /errorReport:prompt ..\..\AMD\Demo\amd_demo.c
         amd_demo.c
     1>d:\msvc2013\src\suitesparse\amd\demo\amd_demo.c(15): fatal error C1083: Cannot open include file: 'amd.h': No such file or directory
     1>Done Building Project "D:\msvc2013\src\SuiteSparse\Project\AMD_demo\AMD_demo.vcxproj" (Build target(s)) -- FAILED.

Build FAILED.

Time Elapsed 00:00:00.12
