Build started 11/23/2014 2:45:34 PM.
     1>Project "D:\msvc2013\src\SuiteSparse\Project\CCOLAMD\CCOLAMD.vcxproj" on node 4 (Build target(s)).
     1>ClCompile:
         C:\Program Files (x86)\Microsoft Visual Studio 12.0\VC\bin\CL.exe /c /ZI /nologo /W3 /WX- /Od /Oy- /D WIN32 /D _DEBUG /D _LIB /D _WINDLL /D _UNICODE /D UNICODE /Gm /EHsc /RTC1 /MDd /GS /fp:precise /Zc:wchar_t /Zc:forScope /Fo"Debug\\" /Fd"Debug\vc120.pdb" /Gd /TC /analyze- /errorReport:prompt ..\..\CCOLAMD\Source\ccolamd.c ..\..\CCOLAMD\Source\ccolamd_global.c
         ccolamd_global.c
         ccolamd.c
     1>d:\msvc2013\src\suitesparse\ccolamd\source\ccolamd.c(617): fatal error C1083: Cannot open include file: 'ccolamd.h': No such file or directory
         Generating Code...
     1>Done Building Project "D:\msvc2013\src\SuiteSparse\Project\CCOLAMD\CCOLAMD.vcxproj" (Build target(s)) -- FAILED.

Build FAILED.

Time Elapsed 00:00:00.18
