Build started 11/23/2014 2:45:35 PM.
     1>Project "D:\msvc2013\src\SuiteSparse\Project\CCOLAMD_example\CCOLAMD_example.vcxproj" on node 2 (Build target(s)).
     1>ClCompile:
         C:\Program Files (x86)\Microsoft Visual Studio 12.0\VC\bin\CL.exe /c /ZI /nologo /W3 /WX- /Od /Oy- /D WIN32 /D _DEBUG /D _CONSOLE /D _UNICODE /D UNICODE /Gm /EHsc /RTC1 /MDd /GS /fp:precise /Zc:wchar_t /Zc:forScope /Fo"Debug\\" /Fd"Debug\vc120.pdb" /Gd /TC /analyze- /errorReport:prompt ..\..\CCOLAMD\Demo\ccolamd_example.c
         ccolamd_example.c
     1>d:\msvc2013\src\suitesparse\ccolamd\demo\ccolamd_example.c(38): fatal error C1083: Cannot open include file: 'ccolamd.h': No such file or directory
     1>Done Building Project "D:\msvc2013\src\SuiteSparse\Project\CCOLAMD_example\CCOLAMD_example.vcxproj" (Build target(s)) -- FAILED.

Build FAILED.

Time Elapsed 00:00:00.20
